[05:14:21] =================================================================
[05:14:21]   MASTER CLINICAL ML PIPELINE  —  ZERO HARDCODING
[05:14:21] =================================================================
[05:14:21] 
[05:14:21] SECTION 1 -- Data Loading
[05:14:23]    CKD      : 400 rows × 25 cols
[05:14:23]    Diabetes : 768 rows × 9 cols
[05:14:23]    CKD+     : 250  CKD-: 150
[05:14:23]    Diab+    : 268  Diab-: 500
[05:14:23] 
[05:14:23] SECTION 2 -- EDA Plots
[05:14:25]    Saved -> clinical_plots/01_Missing_Value_Heatmap.png
[05:14:26]    Saved -> clinical_plots/02_Class_Imbalance_Before_SMOTE.png
[05:14:30]    Saved -> clinical_plots/03_Diabetes_Univariate_Distributions.png
[05:14:31]    Diabetes: 39 anomalies (5.1%)
[05:14:37]    Saved -> clinical_plots/04_IsolationForest_Anomalies.png
[05:14:38]    CKD: 20 anomalies (5.0%)
[05:14:42]    Saved -> clinical_plots/08_IsolationForest_Anomalies.png
[05:14:49]    Saved -> clinical_plots/09_Diabetes_Pairplot.png
[05:14:50]    Saved -> clinical_plots/05_Diabetes_Correlation_Heatmap.png
[05:14:54]    Saved -> clinical_plots/06_CKD_Correlation_Heatmap.png
[05:14:59]    Saved -> clinical_plots/07_CKD_Feature_Distributions.png
[05:14:59] 
[05:14:59] SECTION 3 -- Auto-Discovering Shared Bridge Features
[05:14:59]    Top-10 bridge candidates (dist_sim × name × MI):
[05:14:59]      BloodPressure        ↔ bp          dist=0.994  name=1.000  mi_d=0.016  mi_c=0.161  score=2.3432
[05:14:59]      Age                  ↔ age         dist=0.952  name=1.000  mi_d=0.068  mi_c=0.049  score=2.1327
[05:14:59]      BMI                  ↔ hemo        dist=0.999  name=0.286  mi_d=0.082  mi_c=0.456  score=2.0230
[05:14:59]      Glucose              ↔ hemo        dist=0.991  name=0.182  mi_d=0.145  mi_c=0.456  score=1.9531
[05:14:59]      Age                  ↔ hemo        dist=0.928  name=0.286  mi_d=0.068  mi_c=0.456  score=1.8554
[05:14:59]      Glucose              ↔ pcv         dist=0.974  name=0.200  mi_d=0.145  mi_c=0.380  score=1.8478
[05:14:59]      Glucose              ↔ rc          dist=0.953  name=0.222  mi_d=0.145  mi_c=0.374  score=1.8332
[05:14:59]      BloodPressure        ↔ pcv         dist=0.912  name=0.400  mi_d=0.016  mi_c=0.380  score=1.7908
[05:14:59]      BMI                  ↔ bp          dist=0.981  name=0.400  mi_d=0.082  mi_c=0.161  score=1.7250
[05:14:59]      Glucose              ↔ age         dist=0.968  name=0.400  mi_d=0.145  mi_c=0.049  score=1.6293
[05:14:59]    Auto-discovered bridge: ['Age', 'BMI', 'BloodPressure', 'DiabetesPedigreeFunction', 'Glucose', 'Insulin', 'Pregnancies'] ↔ ['age', 'hemo', 'bp', 'bu', 'pcv', 'rc', 'al']
[05:14:59]    Bridge MI stats:
[05:14:59]      BMI                  ↔ hemo        MI_diab=0.0822  MI_ckd=0.4558  MI_sum=0.5381
[05:14:59]      Glucose              ↔ pcv         MI_diab=0.1454  MI_ckd=0.3804  MI_sum=0.5258
[05:14:59]      Insulin              ↔ rc          MI_diab=0.0439  MI_ckd=0.3736  MI_sum=0.4175
[05:14:59]      Pregnancies          ↔ al          MI_diab=0.0205  MI_ckd=0.2418  MI_sum=0.2623
[05:14:59]      BloodPressure        ↔ bp          MI_diab=0.0156  MI_ckd=0.1606  MI_sum=0.1762
[05:14:59]      DiabetesPedigreeFunction ↔ bu          MI_diab=0.0125  MI_ckd=0.1571  MI_sum=0.1696
[05:14:59]      Age                  ↔ age         MI_diab=0.0679  MI_ckd=0.0492  MI_sum=0.1171
[05:15:04]    Saved -> clinical_plots/10_Auto_Bridge_SharedFeatures.png
[05:15:04] 
[05:15:04] SECTION 4 -- SMOTE / SMOTEENN (visualisation of class balance effect)
[05:15:06]    Saved -> clinical_plots/11_SMOTE_Before_After.png
[05:15:06] 
[05:15:06] SECTION 5 -- Holdout Split + Model Training
[05:15:06]    Diabetes → train=614  test=154
[05:15:06]    CKD      → train=320  test=80
[05:15:06]    10-fold CV for Diabetes ...
[05:15:07]       Logistic Regression    AUC 0.8426±0.0343  Acc 0.7655  F1 0.6780
[05:15:12]       Random Forest          AUC 0.8222±0.0519  Acc 0.7719  F1 0.6745
[05:15:14]       XGBoost                AUC 0.7940±0.0592  Acc 0.7263  F1 0.6201
[05:15:16]       Gradient Boosting      AUC 0.8205±0.0463  Acc 0.7345  F1 0.6359
[05:15:58]       Neural Network         AUC 0.7764±0.0589  Acc 0.7296  F1 0.6095
[05:15:58]    10-fold CV for CKD ...
[05:15:59]       Logistic Regression    AUC 0.9996±0.0012  Acc 0.9594  F1 0.9658
[05:16:02]       Random Forest          AUC 0.9988±0.0027  Acc 0.9906  F1 0.9926
[05:16:02]       XGBoost                AUC 0.9983±0.0028  Acc 0.9812  F1 0.9849
[05:16:05]       Gradient Boosting      AUC 1.0000±0.0000  Acc 0.9938  F1 0.9950
[05:16:06]       Neural Network         AUC 0.9796±0.0187  Acc 0.9219  F1 0.9339
[05:16:06] 
[05:16:06] SECTION 6 -- Per-Fold Curves
[05:16:06]    Saved -> clinical_plots/13_Diabetes_PerFold_Curves.png
[05:16:07]    Saved -> clinical_plots/14_CKD_PerFold_Curves.png
[05:16:07] 
[05:16:07] SECTION 7 -- Holdout Evaluation + ROC/PR
[05:16:07]       Holdout Diabetes Logistic Regression    AUC=0.8113  F1=0.6087  Youden thr=0.434
[05:16:08]       Holdout Diabetes Random Forest          AUC=0.8130  F1=0.6609  Youden thr=0.267
[05:16:09]       Holdout Diabetes XGBoost                AUC=0.8189  F1=0.6429  Youden thr=0.032
[05:16:09]       Holdout Diabetes Gradient Boosting      AUC=0.8213  F1=0.6949  Youden thr=0.432
[05:16:15]       Holdout Diabetes Neural Network         AUC=0.7952  F1=0.6182  Youden thr=0.000
[05:16:15]       Holdout CKD Logistic Regression    AUC=1.0000  F1=0.9796  Youden thr=0.212
[05:16:15]       Holdout CKD Random Forest          AUC=1.0000  F1=1.0000  Youden thr=0.521
[05:16:15]       Holdout CKD XGBoost                AUC=1.0000  F1=0.9899  Youden thr=0.403
[05:16:15]       Holdout CKD Gradient Boosting      AUC=1.0000  F1=1.0000  Youden thr=0.980
[05:16:16]       Holdout CKD Neural Network         AUC=0.9880  F1=0.9583  Youden thr=0.503
[05:16:16]    Best Diabetes model (holdout AUC): Gradient Boosting AUC=0.8213
[05:16:16]    Best CKD model (holdout AUC)     : Logistic Regression  AUC=1.0000
[05:16:16]    Saved -> clinical_plots/15_Diabetes_ROC_AUC.png
[05:16:17]    Saved -> clinical_plots/16_CKD_ROC_AUC.png
[05:17:04]    Saved -> clinical_plots/17_Diabetes_PR_Curves.png
[05:17:09]    Saved -> clinical_plots/18_CKD_PR_Curves.png
[05:17:09] 
[05:17:09] SECTION -- Learning Curves
[05:18:14]    Saved -> clinical_plots/19_Diabetes_Learning_Curves.png
[05:18:29]    Saved -> clinical_plots/20_CKD_Learning_Curves.png
[05:18:29] 
[05:18:29] SECTION -- Confusion Matrices
[05:19:21]    Saved -> clinical_plots/21_Diabetes_Confusion_Matrices.png
[05:19:29]    Saved -> clinical_plots/22_CKD_Confusion_Matrices.png
[05:19:29] 
[05:19:29] SECTION 8 -- Feature Importance from model objects
[05:19:30]    Saved -> clinical_plots/23_Diabetes_Feature_Importance.png
[05:19:32]    Saved -> clinical_plots/24_CKD_Feature_Importance.png
[05:19:32] 
[05:19:32] SECTION 9 -- SHAP Explainability (best model auto-selected)
[05:19:39]    Saved -> clinical_plots/25_Diabetes_SHAP_Beeswarm.png
[05:19:39]    Saved -> clinical_plots/25_Diabetes_SHAP_Bar.png
[05:19:40]    Saved -> clinical_plots/25_Diabetes_SHAP_Dependence.png
[05:19:40]    Saved -> clinical_plots/26_CKD_SHAP_Beeswarm.png
[05:19:41]    Saved -> clinical_plots/26_CKD_SHAP_Bar.png
[05:19:42]    Saved -> clinical_plots/26_CKD_SHAP_Dependence.png
[05:19:42] 
[05:19:42] SECTION 10 -- Model Performance Summary
[05:19:43]    Saved -> clinical_plots/27_Model_Performance_Summary.png
[05:19:43] 
[05:19:43] SECTION 11 -- DM→CKD Analysis
[05:19:44]    Saved -> clinical_plots/29_DM_BGR_CKD_Analysis.png
[05:19:44]    Decision tree threshold discovery ...
[05:19:44]    Top MI features for DM tree: ['hemo', 'pcv', 'rc', 'sc', 'sg', 'sod', 'al', 'htn', 'dm', 'pot']
[05:19:44]    Decision tree rules (DM→CKD):
[05:19:44]      |--- hemo <= 13.05
[05:19:44]      |   |--- pcv <= 27.50
[05:19:44]      |   |   |--- sc <= 1.15
[05:19:44]      |   |   |   |--- sg <= 1.02
[05:19:44]      |   |   |   |   |--- class: 1
[05:19:44]      |   |   |   |--- sg >  1.02
[05:19:44]      |   |   |   |   |--- class: 1
[05:19:44]      |   |   |--- sc >  1.15
[05:19:44]      |   |   |   |--- class: 1
[05:19:44]      |   |--- pcv >  27.50
[05:19:44]      |   |   |--- class: 1
[05:19:44]      |--- hemo >  13.05
[05:19:44]      |   |--- sg <= 1.02
[05:19:44]      |   |   |--- class: 1
[05:19:44]      |   |--- sg >  1.02
[05:19:44]      |   |   |--- sc <= 1.15
[05:19:44]      |   |   |   |--- class: 0
[05:19:44]      |   |   |--- sc >  1.15
[05:19:44]      |   |   |   |--- pot <= 3.80
[05:19:44]      |   |   |   |   |--- class: 0
[05:19:44]    Auto-discovered DM→CKD thresholds:
[05:19:44]      hemo           : 13.0500  (n=400, gini=0.4688)
[05:19:44]      pcv            : 27.5000  (n=238, gini=0.0728)
[05:19:44]      sc             : 1.1500  (n=227, gini=0.0346)
[05:19:44]      sg             : 1.0175  (n=162, gini=0.2257)
[05:19:44]      pot            : 3.8000  (n=37, gini=0.1490)
[05:19:45]    Saved -> clinical_plots/30_DM_CKD_Decision_Tree.png
[05:19:45] 
[05:19:45] SECTION 12 -- Bridge Model: Auto Thresholds + Literature
[05:19:45]    Bridge RF trained on: ['Age', 'BMI', 'BloodPressure', 'DiabetesPedigreeFunction', 'Glucose', 'Insulin', 'Pregnancies']
[05:19:48]    Bridge 5-fold AUC: 0.8254±0.0230
[05:19:49]    Auto-computed thresholds:
[05:19:49]      youden    : 0.610  Se=1.000  Sp=1.000  F1=1.000  — Youden's J (Se+Sp-1 max) [R6]
[05:19:49]      f1        : 0.610  Se=1.000  Sp=1.000  F1=1.000  — F1-maximising threshold
[05:19:49]      se90      : 0.740  Se=0.910  Sp=1.000  F1=0.953  — Sensitivity ≥ 0.90 (clinical safety)
[05:19:49]      fbeta2    : 0.610  Se=1.000  Sp=1.000  F1=1.000  — Fβ=2 (recall-weighted, 2× recall importance)
[05:19:49]      gmean     : 0.610  Se=1.000  Sp=1.000  F1=1.000  — G-mean (√(Se×Sp), robust to imbalance)
[05:19:49]      pr_f1     : 0.610  Se=1.000  Sp=0.838  F1=1.000  — PR-curve F1-max [R5]
[05:19:51]    Saved -> clinical_plots/28_Bridge_ThresholdAnalysis.png
[05:19:51] 
[05:19:51] SECTION 13 -- Exporting Models
[05:19:51]    Saved (version-safe): saved_models/imputer_diabetes.pkl
[05:19:51]    Saved (version-safe): saved_models/imputer_ckd.pkl
[05:19:51]    Saved (version-safe): saved_models/imputer_bridge.pkl
[05:19:51]    All models saved to saved_models/
[05:19:51] 
[05:19:51] =================================================================
[05:19:51]   PIPELINE COMPLETE — ZERO HARDCODING
[05:19:51] =================================================================
[05:19:51]   Plots  : clinical_plots/ (33 files)
[05:19:51]   Models : saved_models/ (18 files)
[05:19:51] 
[05:19:51]   Auto-discovered bridge features:
[05:19:51]     Diabetes: ['Age', 'BMI', 'BloodPressure', 'DiabetesPedigreeFunction', 'Glucose', 'Insulin', 'Pregnancies']
[05:19:51]     CKD     : ['age', 'hemo', 'bp', 'bu', 'pcv', 'rc', 'al']
[05:19:51] 
[05:19:51]   Best models (by holdout AUC):
[05:19:51]     Diabetes: Gradient Boosting AUC=0.8213
[05:19:51]     CKD     : Logistic Regression  AUC=1.0000
[05:19:51] 
[05:19:51]   Auto-computed thresholds (6 methods):
[05:19:51]     youden    : 0.610  — Youden's J (Se+Sp-1 max) [R6]
[05:19:51]     f1        : 0.610  — F1-maximising threshold
[05:19:51]     se90      : 0.740  — Sensitivity ≥ 0.90 (clinical safety)
[05:19:51]     fbeta2    : 0.610  — Fβ=2 (recall-weighted, 2× recall importance)
[05:19:51]     gmean     : 0.610  — G-mean (√(Se×Sp), robust to imbalance)
[05:19:51]     pr_f1     : 0.610  — PR-curve F1-max [R5]
[05:19:51] 
[05:19:51]   Auto-discovered DM→CKD thresholds (decision tree):
[05:19:51]     hemo           : 13.0500  (n=400)
[05:19:51]     pcv            : 27.5000  (n=238)
[05:19:51]     sc             : 1.1500  (n=227)
[05:19:51]     sg             : 1.0175  (n=162)
[05:19:51]     pot            : 3.8000  (n=37)
[05:19:51] 
[05:19:51]   Literature references used (structured, not hardcoded):
[05:19:51]     ADA fasting [R1]: 126 mg/dL  DOI: 10.2337/dc14-1296
[05:19:51]     Post-meal [R3]: 140 mg/dL  DOI: 10.2215/CJN.01440209
[05:19:51]     KDIGO BP [R2]: 130 mmHg  DOI: 10.1016/j.kisu.2022.10.004
[05:19:51]     Classic BP [R2]: 80 mmHg  DOI: 10.1016/j.kisu.2022.10.004
[05:19:51]     ML prob [R5]: 0.48 probability  DOI: 10.1016/j.compbiomed.2022.105263
[05:19:51] 